<?xml version="1.0" encoding="UTF-8"?>
<!-- Generated by org.testng.reporters.JUnitXMLReporter -->
<testsuite ignored="0" hostname="LTIN515409" failures="0" tests="3" name="Default test" time="18.462" errors="0" timestamp="2025-07-11T12:40:31 IST">
  <testcase classname="testCases.TestSenario_1" name="TC1" time="5.523"/>
  <testcase classname="testCases.TestSenario_1" name="TC2" time="0.63"/>
  <testcase classname="testCases.TestSenario_1" name="TC3" time="0.15"/>
</testsuite> <!-- Default test -->
