<?xml version="1.0" encoding="UTF-8"?>
<!-- Generated by org.testng.reporters.JUnitXMLReporter -->
<testsuite ignored="0" hostname="LTIN515409" failures="0" tests="19" name="Default test" time="0.104" errors="0" timestamp="2025-07-17T10:47:06 IST">
  <testcase classname="baseTest.BaseTest" name="@BeforeTest setUpDriver" time="-1.752729426641E9">
    <failure type="org.testng.TestNGException" message="
Parameter &amp;apos;os&amp;apos; is required by BeforeTest on method setUpDriver but has not been marked @Optional or defined
in C:\Users\2407425\AppData\Local\Temp\testng-eclipse--972169202\testng-customsuite.xml">
      <![CDATA[org.testng.TestNGException: 
Parameter 'os' is required by BeforeTest on method setUpDriver but has not been marked @Optional or defined
in C:\Users\2407425\AppData\Local\Temp\testng-eclipse--972169202\testng-customsuite.xml
at org.testng.internal.Parameters.createParams(Parameters.java:267)
at org.testng.internal.Parameters.createParametersForMethod(Parameters.java:355)
at org.testng.internal.Parameters.createParameters(Parameters.java:693)
at org.testng.internal.Parameters.createConfigurationParameters(Parameters.java:166)
at org.testng.internal.invokers.ConfigInvoker.invokeConfigurations(ConfigInvoker.java:306)
at org.testng.TestRunner.invokeTestConfigurations(TestRunner.java:661)
at org.testng.TestRunner.beforeRun(TestRunner.java:650)
at org.testng.TestRunner.run(TestRunner.java:612)
at org.testng.SuiteRunner.runTest(SuiteRunner.java:443)
at org.testng.SuiteRunner.runSequentially(SuiteRunner.java:437)
at org.testng.SuiteRunner.privateRun(SuiteRunner.java:397)
at org.testng.SuiteRunner.run(SuiteRunner.java:336)
at org.testng.SuiteRunnerWorker.runSuite(SuiteRunnerWorker.java:52)
at org.testng.SuiteRunnerWorker.run(SuiteRunnerWorker.java:95)
at org.testng.TestNG.runSuitesSequentially(TestNG.java:1301)
at org.testng.TestNG.runSuitesLocally(TestNG.java:1228)
at org.testng.TestNG.runSuites(TestNG.java:1134)
at org.testng.TestNG.run(TestNG.java:1101)
at org.testng.remote.AbstractRemoteTestNG.run(AbstractRemoteTestNG.java:115)
at org.testng.remote.RemoteTestNG.initAndRun(RemoteTestNG.java:251)
at org.testng.remote.RemoteTestNG.main(RemoteTestNG.java:77)
]]>
    </failure>
  </testcase> <!-- @BeforeTest setUpDriver -->
  <testcase classname="baseTest.BaseTest" name="@AfterTest tearDown" time="0.0">
    <skipped/>
  </testcase> <!-- @AfterTest tearDown -->
  <testcase classname="testCases.TestSenario_4" name="test_gym_option_navigation_and_display" time="0.001">
    <skipped/>
  </testcase> <!-- test_gym_option_navigation_and_display -->
  <testcase classname="testCases.TestSenario_4" name="test_sort_by_relevance" time="0.0">
    <skipped/>
  </testcase> <!-- test_sort_by_relevance -->
  <testcase classname="testCases.TestSenario_4" name="test_sort_by_rating" time="0.0">
    <skipped/>
  </testcase> <!-- test_sort_by_rating -->
  <testcase classname="testCases.TestSenario_4" name="test_filter_by_sunday_open" time="0.0">
    <skipped/>
  </testcase> <!-- test_filter_by_sunday_open -->
  <testcase classname="testCases.TestSenario_4" name="test_filter_by_locker_facility" time="0.0">
    <skipped/>
  </testcase> <!-- test_filter_by_locker_facility -->
  <testcase classname="testCases.TestSenario_4" name="test_clear_filters_removes_amenities" time="0.0">
    <skipped/>
  </testcase> <!-- test_clear_filters_removes_amenities -->
  <testcase classname="testCases.TestSenario_4" name="test_filter_by_open_now" time="0.0">
    <skipped/>
  </testcase> <!-- test_filter_by_open_now -->
  <testcase classname="testCases.TestSenario_4" name="test_filter_by_top_rated" time="0.0">
    <skipped/>
  </testcase> <!-- test_filter_by_top_rated -->
  <testcase classname="testCases.TestSenario_4" name="test_filter_by_quick_response" time="0.001">
    <skipped/>
  </testcase> <!-- test_filter_by_quick_response -->
  <testcase classname="testCases.TestSenario_4" name="test_filter_by_jd_verified" time="0.0">
    <skipped/>
  </testcase> <!-- test_filter_by_jd_verified -->
  <testcase classname="testCases.TestSenario_4" name="test_filter_by_ratings_3_5_plus" time="0.0">
    <skipped/>
  </testcase> <!-- test_filter_by_ratings_3_5_plus -->
  <testcase classname="testCases.TestSenario_4" name="test_filter_by_ratings_4_0_plus" time="0.0">
    <skipped/>
  </testcase> <!-- test_filter_by_ratings_4_0_plus -->
  <testcase classname="testCases.TestSenario_4" name="test_filter_by_ratings_4_5_plus" time="0.0">
    <skipped/>
  </testcase> <!-- test_filter_by_ratings_4_5_plus -->
  <testcase classname="testCases.TestSenario_4" name="test_clear_rating_filter_removes_applied" time="0.0">
    <skipped/>
  </testcase> <!-- test_clear_rating_filter_removes_applied -->
  <testcase classname="testCases.TestSenario_4" name="test_filter_by_deals" time="0.0">
    <skipped/>
  </testcase> <!-- test_filter_by_deals -->
  <testcase classname="testCases.TestSenario_4" name="test_filter_by_jd_trust" time="0.0">
    <skipped/>
  </testcase> <!-- test_filter_by_jd_trust -->
  <testcase classname="testCases.TestSenario_4" name="clearAllFilters" time="0.0">
    <skipped/>
  </testcase> <!-- clearAllFilters -->
  <testcase classname="testCases.TestSenario_4" name="test_no_filters_show_all_listings" time="0.0">
    <skipped/>
  </testcase> <!-- test_no_filters_show_all_listings -->
  <testcase classname="testCases.TestSenario_4" name="getGymSubMenuList" time="0.0">
    <skipped/>
  </testcase> <!-- getGymSubMenuList -->
</testsuite> <!-- Default test -->
