<?xml version="1.0" encoding="UTF-8"?>
<testng-results ignored="0" total="3" passed="3" failed="0" skipped="0">
  <reporter-output>
  </reporter-output>
  <suite started-at="2025-07-10T18:05:43 IST" name="Suite" finished-at="2025-07-10T18:05:58 IST" duration-ms="14950">
    <groups>
    </groups>
    <test started-at="2025-07-10T18:05:43 IST" name="Test" finished-at="2025-07-10T18:05:58 IST" duration-ms="14950">
      <class name="testCases.TestSenario_1">
        <test-method is-config="true" signature="setUpDriver()[pri:0, instance:testCases.TestSenario_1@3eb738bb]" started-at="2025-07-10T18:05:43 IST" name="setUpDriver" finished-at="2025-07-10T18:05:50 IST" duration-ms="7100" status="PASS">
          <reporter-output>
          </reporter-output>
        </test-method> <!-- setUpDriver -->
        <test-method signature="TC1()[pri:1, instance:testCases.TestSenario_1@3eb738bb]" started-at="2025-07-10T18:05:50 IST" name="TC1" finished-at="2025-07-10T18:05:57 IST" duration-ms="6341" status="PASS">
          <reporter-output>
          </reporter-output>
        </test-method> <!-- TC1 -->
        <test-method signature="TC2()[pri:2, instance:testCases.TestSenario_1@3eb738bb]" started-at="2025-07-10T18:05:57 IST" name="TC2" finished-at="2025-07-10T18:05:57 IST" duration-ms="256" status="PASS">
          <reporter-output>
          </reporter-output>
        </test-method> <!-- TC2 -->
        <test-method signature="TC3()[pri:3, instance:testCases.TestSenario_1@3eb738bb]" started-at="2025-07-10T18:05:57 IST" name="TC3" finished-at="2025-07-10T18:05:57 IST" duration-ms="71" status="PASS">
          <reporter-output>
          </reporter-output>
        </test-method> <!-- TC3 -->
        <test-method is-config="true" signature="tearDown()[pri:0, instance:testCases.TestSenario_1@3eb738bb]" started-at="2025-07-10T18:05:57 IST" name="tearDown" finished-at="2025-07-10T18:05:58 IST" duration-ms="1146" status="PASS">
          <reporter-output>
          </reporter-output>
        </test-method> <!-- tearDown -->
      </class> <!-- testCases.TestSenario_1 -->
    </test> <!-- Test -->
  </suite> <!-- Suite -->
</testng-results>
